2022-04-01 11:06:38,291 INFO [restartedMain] c.n.c.CommunityApplication [StartupInfoLogger.java:50] Starting CommunityApplication on seagulldeMacBook-Pro.local with PID 1271 (/Users/seagull/Desktop/project_nowcoder/community/target/classes started by seagull in /Users/seagull/Desktop/project_nowcoder/community)
2022-04-01 11:06:38,293 INFO [restartedMain] c.n.c.CommunityApplication [SpringApplication.java:675] No active profile set, falling back to default profiles: default
2022-04-01 11:06:38,807 INFO [restartedMain] o.s.b.w.e.t.TomcatWebServer [TomcatWebServer.java:90] Tomcat initialized with port(s): 8080 (http)
2022-04-01 11:06:38,810 INFO [restartedMain] o.a.c.c.StandardService [DirectJDKLog.java:173] Starting service [Tomcat]
2022-04-01 11:06:38,810 INFO [restartedMain] o.a.c.c.StandardEngine [DirectJDKLog.java:173] Starting Servlet engine: [Apache Tomcat/9.0.19]
2022-04-01 11:06:38,823 INFO [restartedMain] o.a.c.c.C.[.[.[/community] [DirectJDKLog.java:173] Initializing Spring embedded WebApplicationContext
2022-04-01 11:06:38,824 INFO [restartedMain] o.s.w.c.ContextLoader [ServletWebServerApplicationContext.java:296] Root WebApplicationContext: initialization completed in 524 ms
2022-04-01 11:06:39,019 INFO [restartedMain] o.s.s.c.ThreadPoolTaskExecutor [ExecutorConfigurationSupport.java:171] Initializing ExecutorService 'applicationTaskExecutor'
2022-04-01 11:06:39,077 INFO [restartedMain] o.s.b.a.w.s.WelcomePageHandlerMapping [WelcomePageHandlerMapping.java:61] Adding welcome page template: index
2022-04-01 11:06:39,116 INFO [restartedMain] o.s.b.d.a.OptionalLiveReloadServer [OptionalLiveReloadServer.java:57] LiveReload server is running on port 35729
2022-04-01 11:06:39,140 INFO [restartedMain] o.s.b.w.e.t.TomcatWebServer [TomcatWebServer.java:204] Tomcat started on port(s): 8080 (http) with context path '/community'
2022-04-01 11:06:39,143 INFO [restartedMain] c.n.c.CommunityApplication [StartupInfoLogger.java:59] Started CommunityApplication in 1.216 seconds (JVM running for 1871.056)
2022-04-01 11:06:39,145 INFO [restartedMain] o.s.b.d.a.ConditionEvaluationDeltaLoggingListener [ConditionEvaluationDeltaLoggingListener.java:70] Condition evaluation unchanged
2022-04-01 11:06:39,653 INFO [main] c.n.c.LoggerTest [StartupInfoLogger.java:50] Starting LoggerTest on seagulldeMacBook-Pro.local with PID 1407 (started by seagull in /Users/seagull/Desktop/project_nowcoder/community)
2022-04-01 11:06:39,658 INFO [main] c.n.c.LoggerTest [SpringApplication.java:675] No active profile set, falling back to default profiles: default
2022-04-01 11:06:43,179 INFO [main] o.s.s.c.ThreadPoolTaskExecutor [ExecutorConfigurationSupport.java:171] Initializing ExecutorService 'applicationTaskExecutor'
2022-04-01 11:06:43,501 INFO [main] o.s.b.a.w.s.WelcomePageHandlerMapping [WelcomePageHandlerMapping.java:61] Adding welcome page template: index
2022-04-01 11:06:43,812 INFO [main] c.n.c.LoggerTest [StartupInfoLogger.java:59] Started LoggerTest in 4.731 seconds (JVM running for 6.023)
2022-04-01 11:06:44,207 INFO [main] c.n.c.LoggerTest [LoggerTest.java:21]  info log
2022-04-01 11:06:44,217 INFO [Thread-2] o.s.s.c.ThreadPoolTaskExecutor [ExecutorConfigurationSupport.java:208] Shutting down ExecutorService 'applicationTaskExecutor'
2022-04-01 11:15:19,386 INFO [main] c.n.c.LoggerTest [StartupInfoLogger.java:50] Starting LoggerTest on seagulldeMacBook-Pro.local with PID 1526 (started by seagull in /Users/seagull/Desktop/project_nowcoder/community)
2022-04-01 11:15:19,388 INFO [main] c.n.c.LoggerTest [SpringApplication.java:675] No active profile set, falling back to default profiles: default
2022-04-01 11:15:23,054 INFO [main] o.s.s.c.ThreadPoolTaskExecutor [ExecutorConfigurationSupport.java:171] Initializing ExecutorService 'applicationTaskExecutor'
2022-04-01 11:15:23,401 INFO [main] o.s.b.a.w.s.WelcomePageHandlerMapping [WelcomePageHandlerMapping.java:61] Adding welcome page template: index
2022-04-01 11:15:23,860 INFO [main] c.n.c.LoggerTest [StartupInfoLogger.java:59] Started LoggerTest in 5.027 seconds (JVM running for 6.221)
2022-04-01 11:15:24,183 INFO [main] c.n.c.LoggerTest [LoggerTest.java:21]  info log
2022-04-01 11:15:24,199 INFO [Thread-2] o.s.s.c.ThreadPoolTaskExecutor [ExecutorConfigurationSupport.java:208] Shutting down ExecutorService 'applicationTaskExecutor'
2022-04-01 11:15:54,691 INFO [Thread-20] o.s.s.c.ThreadPoolTaskExecutor [ExecutorConfigurationSupport.java:208] Shutting down ExecutorService 'applicationTaskExecutor'
